extraCredit: 0
fatalError: false
maxExtraCredit: 0
maxTotalPoints: 10
messages: []
mode: auto
parts:
- description: Basic test for problem-1a
  extraCredit: false
  maxPoints: 0
  maxSeconds: 1
  messages:
  - 'Exception thrown: <class ''TypeError''> -- unsupported operand type(s) for -:
    ''float'' and ''NoneType'''
  - "  File \"D:\\CSED\\Artificial Intelligence\\assn2\\grader.py\", line 28, in test_1a_1\n\
    \    grader.requireIsEqual(0.3, pred, 0.00001)\n"
  name: 1a-1-basic
  points: 0
  seconds: 0
- description: Hidden test for problem-1a
  extraCredit: false
  maxPoints: 4
  maxSeconds: 1
  messages: []
  name: 1a-2-hidden
  points: 0
  seconds: 0
- description: Basic test for problem-1b
  extraCredit: false
  maxPoints: 0
  maxSeconds: 1
  messages:
  - 'Exception thrown: <class ''TypeError''> -- unsupported operand type(s) for -:
    ''float'' and ''NoneType'''
  - "  File \"D:\\CSED\\Artificial Intelligence\\assn2\\grader.py\", line 53, in test_1b_1\n\
    \    grader.requireIsEqual(0.23684210526315788, pred, 0.00001)\n"
  name: 1b-1-basic
  points: 0
  seconds: 0
- description: Hidden test for problem-1b
  extraCredit: false
  maxPoints: 4
  maxSeconds: 1
  messages: []
  name: 1b-2-hidden
  points: 0
  seconds: 0
- description: Hidden test for problem-1c
  extraCredit: false
  maxPoints: 2
  maxSeconds: 1
  messages:
  - 'Exception thrown: <class ''TypeError''> -- ''<='' not supported between instances
    of ''int'' and ''NoneType'''
  - "  File \"D:\\CSED\\Artificial Intelligence\\assn2\\grader.py\", line 79, in test_1c_1\n\
    \    assert 0 <= epsilon <= 1\n"
  name: 1c-1-hidden
  points: 0
  seconds: 0
- description: 2a basic test for emission probabilities
  extraCredit: false
  maxPoints: 2
  maxSeconds: 5
  messages: []
  name: 2a-0-basic
  points: 2
  seconds: 0
- description: 2a test ordering of pdf
  extraCredit: false
  maxPoints: 1
  maxSeconds: 5
  messages: []
  name: 2a-1-hidden
  points: 0
  seconds: 0
- description: 2a advanced test for emission probabilities
  extraCredit: false
  maxPoints: 1
  maxSeconds: 5
  messages: []
  name: 2a-2-hidden
  points: 0
  seconds: 0
- description: test correctness of elapseTime()
  extraCredit: false
  maxPoints: 2
  maxSeconds: 5
  messages: []
  name: 3a-0-basic
  points: 2
  seconds: 0
- description: advanced test for transition probabilities, strict time limit
  extraCredit: false
  maxPoints: 1
  maxSeconds: 5
  messages: []
  name: 3a-1-hidden
  points: 0
  seconds: 0
- description: advanced test for emission AND transition probabilities, strict time
    limit
  extraCredit: false
  maxPoints: 1
  maxSeconds: 5
  messages: []
  name: 3a-2-hidden
  points: 0
  seconds: 0
- description: 4a basic test for PF observe
  extraCredit: false
  maxPoints: 2
  maxSeconds: 5
  messages: []
  name: 4a-0-basic
  points: 2
  seconds: 0
- description: 4a basic test for PF elapseTime
  extraCredit: false
  maxPoints: 2
  maxSeconds: 5
  messages: []
  name: 4a-1-basic
  points: 2
  seconds: 0
- description: 4a basic test for PF observe AND elapseTime
  extraCredit: false
  maxPoints: 2
  maxSeconds: 5
  messages: []
  name: 4a-2-basic
  points: 2
  seconds: 0
totalPoints: 10
